<?xml version="1.0" encoding="UTF-8"?>
<!-- Generated by org.testng.reporters.JUnitReportReporter -->
<testsuite hostname="del1-lhp-n82732" failures="0" tests="1" name="NewTest" time="5.363" errors="0" timestamp="2025-03-08T01:04:46 IST" skipped="0">
  <testcase classname="NewTest" name="launchURL" time="5.363"/>
</testsuite> <!-- NewTest -->
