<?xml version="1.0" encoding="UTF-8"?>
<!-- Generated by org.testng.reporters.JUnitReportReporter -->
<testsuite hostname="del1-lhp-n82732" failures="0" tests="6" name="example.Login" time="4.775" errors="0" timestamp="2025-03-06T04:50:01 IST" skipped="0">
  <testcase classname="example.Login" name="verifyLogin" time="3.022"/>
  <testcase classname="example.Login" name="launchURL" time="1.009"/>
  <testcase classname="example.Login" name="sendUserName" time="0.048"/>
  <testcase classname="example.Login" name="sendPassword" time="0.024"/>
  <testcase classname="example.Login" name="selectCheckBox" time="0.436"/>
  <testcase classname="example.Login" name="submitButton" time="0.236"/>
</testsuite> <!-- example.Login -->
