<?xml version="1.0" encoding="UTF-8"?>
<!-- Generated by org.testng.reporters.JUnitReportReporter -->
<testsuite hostname="del1-lhp-n82732" failures="0" tests="2" name="example.Logout" time="0.266" errors="0" timestamp="2025-03-06T04:50:01 IST" skipped="0">
  <testcase classname="example.Logout" name="verifyLogout" time="0.015"/>
  <testcase classname="example.Logout" name="clickLogout" time="0.251"/>
</testsuite> <!-- example.Logout -->
