<?xml version="1.0" encoding="UTF-8"?>
<!-- Generated by org.testng.reporters.JUnitReportReporter -->
<testsuite hostname="del1-lhp-n82732" failures="0" tests="1" name="example.SetEnvironment" time="0.002" errors="0" timestamp="2025-03-06T04:22:50 IST" skipped="0">
  <testcase classname="example.SetEnvironment" name="f" time="0.002"/>
</testsuite> <!-- example.SetEnvironment -->
